<?xml version="1.0" encoding="UTF-8"?>
<!-- Generated by org.testng.reporters.JUnitReportReporter -->
<testsuite hostname="HAMC02T91Y4G8WL" failures="0" tests="1" name="com.freenow.Freenow.tests.TestGetAllUsers" time="1.043" errors="0" timestamp="21 Feb 2021 13:59:45 GMT" skipped="0">
  <testcase classname="com.freenow.Freenow.tests.TestGetAllUsers" name="getAllUsers" time="1.043"/>
</testsuite> <!-- com.freenow.Freenow.tests.TestGetAllUsers -->
