<?xml version="1.0" encoding="UTF-8"?>
<!-- Generated by org.testng.reporters.JUnitReportReporter -->
<testsuite hostname="HAMC02T91Y4G8WL" failures="0" tests="3" name="com.freenow.Freenow.tests.E2E" time="1.310" errors="0" timestamp="21 Feb 2021 13:01:06 GMT" skipped="0">
  <testcase classname="com.freenow.Freenow.tests.E2E" name="getAllCommentsonPostByUser" time="0.228"/>
  <testcase classname="com.freenow.Freenow.tests.E2E" name="getAllPostsOfUser" time="0.074"/>
  <testcase classname="com.freenow.Freenow.tests.E2E" name="getAllUsers" time="1.008"/>
</testsuite> <!-- com.freenow.Freenow.tests.E2E -->
