<?xml version="1.0" encoding="UTF-8"?>
<!-- Generated by org.testng.reporters.JUnitReportReporter -->
<testsuite hostname="HAMC02T91Y4G8WL" failures="0" tests="3" name="com.freenow.Freenow.tests.TestGetCommentsOnPostOfUser" time="1.237" errors="0" timestamp="21 Feb 2021 12:57:32 GMT" skipped="0">
  <testcase classname="com.freenow.Freenow.tests.TestGetCommentsOnPostOfUser" name="getAllPostsOfUser" time="0.052"/>
  <testcase classname="com.freenow.Freenow.tests.TestGetCommentsOnPostOfUser" name="getAllCommentsonPostByUser" time="0.194"/>
  <testcase classname="com.freenow.Freenow.tests.TestGetCommentsOnPostOfUser" name="getAllUsers" time="0.991"/>
</testsuite> <!-- com.freenow.Freenow.tests.TestGetCommentsOnPostOfUser -->
